2025-03-09T21:07:13.914+08:00  WARN 29276 --- [Online Education] [main] c.a.nacos.client.logging.NacosLogging    : Load Logback Configuration of Nacos fail, message: 'void ch.qos.logback.classic.util.ContextInitializer.configureByResource(java.net.URL)'
2025-03-09T21:07:13.964+08:00  INFO 29276 --- [Online Education] [main] c.tenxi.CourceServiceApplicationTests    : Starting CourceServiceApplicationTests using Java 17.0.9 with PID 29276 (started by 肖鑫 in C:\Users\肖鑫\Desktop\E\资料\OnlineEducation\cource-service)
2025-03-09T21:07:13.965+08:00  INFO 29276 --- [Online Education] [main] c.tenxi.CourceServiceApplicationTests    : No active profile set, falling back to 1 default profile: "default"
2025-03-09T21:07:14.689+08:00  INFO 29276 --- [Online Education] [main] .s.d.r.c.RepositoryConfigurationDelegate : Multiple Spring Data modules found, entering strict repository configuration mode
2025-03-09T21:07:14.692+08:00  INFO 29276 --- [Online Education] [main] .s.d.r.c.RepositoryConfigurationDelegate : Bootstrapping Spring Data Redis repositories in DEFAULT mode.
2025-03-09T21:07:14.724+08:00  INFO 29276 --- [Online Education] [main] .s.d.r.c.RepositoryConfigurationDelegate : Finished Spring Data repository scanning in 9 ms. Found 0 Redis repository interfaces.
2025-03-09T21:07:16.968+08:00  INFO 29276 --- [Online Education] [main] c.tenxi.CourceServiceApplicationTests    : Started CourceServiceApplicationTests in 3.445 seconds (process running for 4.428)
2025-03-09T21:07:17.669+08:00  INFO 29276 --- [Online Education] [main] com.zaxxer.hikari.HikariDataSource       : HikariPool-1 - Starting...
2025-03-09T21:07:27.768+08:00  INFO 29276 --- [Online Education] [main] com.zaxxer.hikari.pool.HikariPool        : HikariPool-1 - Added connection com.mysql.cj.jdbc.ConnectionImpl@3bc33ad9
2025-03-09T21:07:27.771+08:00  INFO 29276 --- [Online Education] [main] com.zaxxer.hikari.HikariDataSource       : HikariPool-1 - Start completed.
2025-03-09T21:07:28.496+08:00  INFO 29276 --- [Online Education] [SpringApplicationShutdownHook] com.zaxxer.hikari.HikariDataSource       : HikariPool-1 - Shutdown initiated...
2025-03-09T21:07:37.261+08:00  INFO 29276 --- [Online Education] [SpringApplicationShutdownHook] com.zaxxer.hikari.HikariDataSource       : HikariPool-1 - Shutdown completed.
2025-03-09T21:13:14.566+08:00  WARN 19692 --- [Online Education] [main] c.a.nacos.client.logging.NacosLogging    : Load Logback Configuration of Nacos fail, message: 'void ch.qos.logback.classic.util.ContextInitializer.configureByResource(java.net.URL)'
2025-03-09T21:13:14.614+08:00  INFO 19692 --- [Online Education] [main] c.tenxi.CourceServiceApplicationTests    : Starting CourceServiceApplicationTests using Java 17.0.9 with PID 19692 (started by 肖鑫 in C:\Users\肖鑫\Desktop\E\资料\OnlineEducation\cource-service)
2025-03-09T21:13:14.615+08:00  INFO 19692 --- [Online Education] [main] c.tenxi.CourceServiceApplicationTests    : No active profile set, falling back to 1 default profile: "default"
2025-03-09T21:13:15.320+08:00  INFO 19692 --- [Online Education] [main] .s.d.r.c.RepositoryConfigurationDelegate : Multiple Spring Data modules found, entering strict repository configuration mode
2025-03-09T21:13:15.323+08:00  INFO 19692 --- [Online Education] [main] .s.d.r.c.RepositoryConfigurationDelegate : Bootstrapping Spring Data Redis repositories in DEFAULT mode.
2025-03-09T21:13:15.349+08:00  INFO 19692 --- [Online Education] [main] .s.d.r.c.RepositoryConfigurationDelegate : Finished Spring Data repository scanning in 9 ms. Found 0 Redis repository interfaces.
2025-03-09T21:13:17.669+08:00  INFO 19692 --- [Online Education] [main] c.tenxi.CourceServiceApplicationTests    : Started CourceServiceApplicationTests in 3.468 seconds (process running for 4.253)
2025-03-09T21:13:18.278+08:00  INFO 19692 --- [Online Education] [main] com.zaxxer.hikari.HikariDataSource       : HikariPool-1 - Starting...
2025-03-09T21:13:29.529+08:00  INFO 19692 --- [Online Education] [main] com.zaxxer.hikari.pool.HikariPool        : HikariPool-1 - Added connection com.mysql.cj.jdbc.ConnectionImpl@141eb85b
2025-03-09T21:13:29.532+08:00  INFO 19692 --- [Online Education] [main] com.zaxxer.hikari.HikariDataSource       : HikariPool-1 - Start completed.
2025-03-09T21:13:29.823+08:00  INFO 19692 --- [Online Education] [SpringApplicationShutdownHook] com.zaxxer.hikari.HikariDataSource       : HikariPool-1 - Shutdown initiated...
2025-03-09T21:13:38.937+08:00  INFO 19692 --- [Online Education] [SpringApplicationShutdownHook] com.zaxxer.hikari.HikariDataSource       : HikariPool-1 - Shutdown completed.
2025-03-09T21:14:07.626+08:00  WARN 29768 --- [Online Education] [main] c.a.nacos.client.logging.NacosLogging    : Load Logback Configuration of Nacos fail, message: 'void ch.qos.logback.classic.util.ContextInitializer.configureByResource(java.net.URL)'
2025-03-09T21:14:07.675+08:00  INFO 29768 --- [Online Education] [main] c.tenxi.CourceServiceApplicationTests    : Starting CourceServiceApplicationTests using Java 17.0.9 with PID 29768 (started by 肖鑫 in C:\Users\肖鑫\Desktop\E\资料\OnlineEducation\cource-service)
2025-03-09T21:14:07.676+08:00  INFO 29768 --- [Online Education] [main] c.tenxi.CourceServiceApplicationTests    : No active profile set, falling back to 1 default profile: "default"
2025-03-09T21:14:08.356+08:00  INFO 29768 --- [Online Education] [main] .s.d.r.c.RepositoryConfigurationDelegate : Multiple Spring Data modules found, entering strict repository configuration mode
2025-03-09T21:14:08.359+08:00  INFO 29768 --- [Online Education] [main] .s.d.r.c.RepositoryConfigurationDelegate : Bootstrapping Spring Data Redis repositories in DEFAULT mode.
2025-03-09T21:14:08.385+08:00  INFO 29768 --- [Online Education] [main] .s.d.r.c.RepositoryConfigurationDelegate : Finished Spring Data repository scanning in 10 ms. Found 0 Redis repository interfaces.
2025-03-09T21:14:10.533+08:00  INFO 29768 --- [Online Education] [main] c.tenxi.CourceServiceApplicationTests    : Started CourceServiceApplicationTests in 3.261 seconds (process running for 4.076)
2025-03-09T21:14:11.165+08:00  INFO 29768 --- [Online Education] [main] com.zaxxer.hikari.HikariDataSource       : HikariPool-1 - Starting...
2025-03-09T21:14:23.441+08:00  INFO 29768 --- [Online Education] [main] com.zaxxer.hikari.pool.HikariPool        : HikariPool-1 - Added connection com.mysql.cj.jdbc.ConnectionImpl@d43f205
2025-03-09T21:14:23.444+08:00  INFO 29768 --- [Online Education] [main] com.zaxxer.hikari.HikariDataSource       : HikariPool-1 - Start completed.
2025-03-09T21:14:23.671+08:00  INFO 29768 --- [Online Education] [SpringApplicationShutdownHook] com.zaxxer.hikari.HikariDataSource       : HikariPool-1 - Shutdown initiated...
2025-03-09T21:14:32.955+08:00  INFO 29768 --- [Online Education] [SpringApplicationShutdownHook] com.zaxxer.hikari.HikariDataSource       : HikariPool-1 - Shutdown completed.
2025-03-09T21:18:15.180+08:00  WARN 6196 --- [Online Education] [main] c.a.nacos.client.logging.NacosLogging    : Load Logback Configuration of Nacos fail, message: 'void ch.qos.logback.classic.util.ContextInitializer.configureByResource(java.net.URL)'
2025-03-09T21:18:15.242+08:00  INFO 6196 --- [Online Education] [main] c.tenxi.CourceServiceApplicationTests    : Starting CourceServiceApplicationTests using Java 17.0.9 with PID 6196 (started by 肖鑫 in C:\Users\肖鑫\Desktop\E\资料\OnlineEducation\cource-service)
2025-03-09T21:18:15.243+08:00  INFO 6196 --- [Online Education] [main] c.tenxi.CourceServiceApplicationTests    : No active profile set, falling back to 1 default profile: "default"
2025-03-09T21:18:16.006+08:00  INFO 6196 --- [Online Education] [main] .s.d.r.c.RepositoryConfigurationDelegate : Multiple Spring Data modules found, entering strict repository configuration mode
2025-03-09T21:18:16.010+08:00  INFO 6196 --- [Online Education] [main] .s.d.r.c.RepositoryConfigurationDelegate : Bootstrapping Spring Data Redis repositories in DEFAULT mode.
2025-03-09T21:18:16.044+08:00  INFO 6196 --- [Online Education] [main] .s.d.r.c.RepositoryConfigurationDelegate : Finished Spring Data repository scanning in 11 ms. Found 0 Redis repository interfaces.
2025-03-09T21:18:18.843+08:00  INFO 6196 --- [Online Education] [main] c.tenxi.CourceServiceApplicationTests    : Started CourceServiceApplicationTests in 4.059 seconds (process running for 4.99)
2025-03-09T21:18:19.716+08:00  INFO 6196 --- [Online Education] [main] com.zaxxer.hikari.HikariDataSource       : HikariPool-1 - Starting...
